We are running from this directory: /cluster/home/eirida/masteroppgave/Masteroppgave
The name of the job is: reddit_data_distilbert
Th job ID is 249280
The job was run on these nodes: idun-04-02
Number of nodes: 1
We are using 8 cores
We are using 8 cores per node
Total of 8 cores
2021-05-23 13:20:53.986717: I tensorflow/stream_executor/platform/default/dso_loader.cc:49] Successfully opened dynamic library libcudart.so.11.0
Starting run...
2021-05-23 13:21:12.405781: I tensorflow/stream_executor/platform/default/dso_loader.cc:49] Successfully opened dynamic library libcuda.so.1
2021-05-23 13:21:12.468613: I tensorflow/core/common_runtime/gpu/gpu_device.cc:1720] Found device 0 with properties: 
pciBusID: 0000:82:00.0 name: Tesla P100-PCIE-16GB computeCapability: 6.0
coreClock: 1.3285GHz coreCount: 56 deviceMemorySize: 15.90GiB deviceMemoryBandwidth: 681.88GiB/s
2021-05-23 13:21:12.474665: I tensorflow/stream_executor/platform/default/dso_loader.cc:49] Successfully opened dynamic library libcudart.so.11.0
2021-05-23 13:21:12.567636: I tensorflow/stream_executor/platform/default/dso_loader.cc:49] Successfully opened dynamic library libcublas.so.11
2021-05-23 13:21:12.568078: I tensorflow/stream_executor/platform/default/dso_loader.cc:49] Successfully opened dynamic library libcublasLt.so.11
2021-05-23 13:21:12.858591: I tensorflow/stream_executor/platform/default/dso_loader.cc:49] Successfully opened dynamic library libcufft.so.10
2021-05-23 13:21:12.945566: I tensorflow/stream_executor/platform/default/dso_loader.cc:49] Successfully opened dynamic library libcurand.so.10
2021-05-23 13:21:13.367712: I tensorflow/stream_executor/platform/default/dso_loader.cc:49] Successfully opened dynamic library libcusolver.so.10
2021-05-23 13:21:13.398971: I tensorflow/stream_executor/platform/default/dso_loader.cc:49] Successfully opened dynamic library libcusparse.so.11
2021-05-23 13:21:13.402904: I tensorflow/stream_executor/platform/default/dso_loader.cc:49] Successfully opened dynamic library libcudnn.so.8
2021-05-23 13:21:13.405844: I tensorflow/core/common_runtime/gpu/gpu_device.cc:1862] Adding visible gpu devices: 0
Number of GPUs Avail: 1
2021-05-23 13:21:13.406987: I tensorflow/core/platform/cpu_feature_guard.cc:142] This TensorFlow binary is optimized with oneAPI Deep Neural Network Library (oneDNN) to use the following CPU instructions in performance-critical operations:  AVX2 FMA
To enable them in other operations, rebuild TensorFlow with the appropriate compiler flags.
2021-05-23 13:21:13.860562: I tensorflow/core/platform/profile_utils/cpu_utils.cc:112] CPU Frequency: 2200100000 Hz
2021-05-23 13:21:13.862406: I tensorflow/compiler/xla/service/service.cc:168] XLA service 0x55e8f1a6b850 initialized for platform Host (this does not guarantee that XLA will be used). Devices:
2021-05-23 13:21:13.862452: I tensorflow/compiler/xla/service/service.cc:176]   StreamExecutor device (0): Host, Default Version
2021-05-23 13:21:14.220171: I tensorflow/compiler/xla/service/service.cc:168] XLA service 0x55e8f163af10 initialized for platform CUDA (this does not guarantee that XLA will be used). Devices:
2021-05-23 13:21:14.220260: I tensorflow/compiler/xla/service/service.cc:176]   StreamExecutor device (0): Tesla P100-PCIE-16GB, Compute Capability 6.0
2021-05-23 13:21:14.222521: I tensorflow/core/common_runtime/gpu/gpu_device.cc:1720] Found device 0 with properties: 
pciBusID: 0000:82:00.0 name: Tesla P100-PCIE-16GB computeCapability: 6.0
coreClock: 1.3285GHz coreCount: 56 deviceMemorySize: 15.90GiB deviceMemoryBandwidth: 681.88GiB/s
2021-05-23 13:21:14.222577: I tensorflow/stream_executor/platform/default/dso_loader.cc:49] Successfully opened dynamic library libcudart.so.11.0
2021-05-23 13:21:14.222638: I tensorflow/stream_executor/platform/default/dso_loader.cc:49] Successfully opened dynamic library libcublas.so.11
2021-05-23 13:21:14.222667: I tensorflow/stream_executor/platform/default/dso_loader.cc:49] Successfully opened dynamic library libcublasLt.so.11
2021-05-23 13:21:14.222695: I tensorflow/stream_executor/platform/default/dso_loader.cc:49] Successfully opened dynamic library libcufft.so.10
2021-05-23 13:21:14.222740: I tensorflow/stream_executor/platform/default/dso_loader.cc:49] Successfully opened dynamic library libcurand.so.10
2021-05-23 13:21:14.222771: I tensorflow/stream_executor/platform/default/dso_loader.cc:49] Successfully opened dynamic library libcusolver.so.10
2021-05-23 13:21:14.222798: I tensorflow/stream_executor/platform/default/dso_loader.cc:49] Successfully opened dynamic library libcusparse.so.11
2021-05-23 13:21:14.222827: I tensorflow/stream_executor/platform/default/dso_loader.cc:49] Successfully opened dynamic library libcudnn.so.8
2021-05-23 13:21:14.224798: I tensorflow/core/common_runtime/gpu/gpu_device.cc:1862] Adding visible gpu devices: 0
2021-05-23 13:21:14.224850: I tensorflow/stream_executor/platform/default/dso_loader.cc:49] Successfully opened dynamic library libcudart.so.11.0
2021-05-23 13:21:15.772960: I tensorflow/core/common_runtime/gpu/gpu_device.cc:1261] Device interconnect StreamExecutor with strength 1 edge matrix:
2021-05-23 13:21:15.773053: I tensorflow/core/common_runtime/gpu/gpu_device.cc:1267]      0 
2021-05-23 13:21:15.773075: I tensorflow/core/common_runtime/gpu/gpu_device.cc:1280] 0:   N 
2021-05-23 13:21:15.776055: I tensorflow/core/common_runtime/gpu/gpu_device.cc:1406] Created TensorFlow device (/device:GPU:0 with 14628 MB memory) -> physical GPU (device: 0, name: Tesla P100-PCIE-16GB, pci bus id: 0000:82:00.0, compute capability: 6.0)
GPU Name: /device:GPU:0
Cuda: True
14750 14750 14750
376 376 376
Load tokenizers
Tokenize...
Load models
2021-05-23 13:21:20.527835: I tensorflow/core/common_runtime/gpu/gpu_device.cc:1720] Found device 0 with properties: 
pciBusID: 0000:82:00.0 name: Tesla P100-PCIE-16GB computeCapability: 6.0
coreClock: 1.3285GHz coreCount: 56 deviceMemorySize: 15.90GiB deviceMemoryBandwidth: 681.88GiB/s
2021-05-23 13:21:20.527906: I tensorflow/stream_executor/platform/default/dso_loader.cc:49] Successfully opened dynamic library libcudart.so.11.0
2021-05-23 13:21:20.527991: I tensorflow/stream_executor/platform/default/dso_loader.cc:49] Successfully opened dynamic library libcublas.so.11
2021-05-23 13:21:20.528026: I tensorflow/stream_executor/platform/default/dso_loader.cc:49] Successfully opened dynamic library libcublasLt.so.11
2021-05-23 13:21:20.528057: I tensorflow/stream_executor/platform/default/dso_loader.cc:49] Successfully opened dynamic library libcufft.so.10
2021-05-23 13:21:20.528090: I tensorflow/stream_executor/platform/default/dso_loader.cc:49] Successfully opened dynamic library libcurand.so.10
2021-05-23 13:21:20.528124: I tensorflow/stream_executor/platform/default/dso_loader.cc:49] Successfully opened dynamic library libcusolver.so.10
2021-05-23 13:21:20.528157: I tensorflow/stream_executor/platform/default/dso_loader.cc:49] Successfully opened dynamic library libcusparse.so.11
2021-05-23 13:21:20.528189: I tensorflow/stream_executor/platform/default/dso_loader.cc:49] Successfully opened dynamic library libcudnn.so.8
2021-05-23 13:21:20.529939: I tensorflow/core/common_runtime/gpu/gpu_device.cc:1862] Adding visible gpu devices: 0
2021-05-23 13:21:20.530003: I tensorflow/core/common_runtime/gpu/gpu_device.cc:1261] Device interconnect StreamExecutor with strength 1 edge matrix:
2021-05-23 13:21:20.530024: I tensorflow/core/common_runtime/gpu/gpu_device.cc:1267]      0 
2021-05-23 13:21:20.530038: I tensorflow/core/common_runtime/gpu/gpu_device.cc:1280] 0:   N 
2021-05-23 13:21:20.531904: I tensorflow/core/common_runtime/gpu/gpu_device.cc:1406] Created TensorFlow device (/job:localhost/replica:0/task:0/device:GPU:0 with 14628 MB memory) -> physical GPU (device: 0, name: Tesla P100-PCIE-16GB, pci bus id: 0000:82:00.0, compute capability: 6.0)
2021-05-23 13:21:20.730001: W tensorflow/python/util/util.cc:348] Sets are not currently considered sequences, but this may change in the future, so consider avoiding using them.
2021-05-23 13:21:21.152824: I tensorflow/stream_executor/platform/default/dso_loader.cc:49] Successfully opened dynamic library libcublas.so.11
2021-05-23 13:21:22.004137: I tensorflow/stream_executor/platform/default/dso_loader.cc:49] Successfully opened dynamic library libcublasLt.so.11
Some layers from the model checkpoint at distilbert-base-uncased were not used when initializing TFDistilBertForSequenceClassification: ['activation_13', 'vocab_layer_norm', 'vocab_projector', 'vocab_transform']
- This IS expected if you are initializing TFDistilBertForSequenceClassification from the checkpoint of a model trained on another task or with another architecture (e.g. initializing a BertForSequenceClassification model from a BertForPreTraining model).
- This IS NOT expected if you are initializing TFDistilBertForSequenceClassification from the checkpoint of a model that you expect to be exactly identical (initializing a BertForSequenceClassification model from a BertForSequenceClassification model).
Some layers of TFDistilBertForSequenceClassification were not initialized from the model checkpoint at distilbert-base-uncased and are newly initialized: ['pre_classifier', 'classifier', 'dropout_19']
You should probably TRAIN this model on a down-stream task to be able to use it for predictions and inference.
Load weights
Performing predictions...
2021-05-23 13:21:25.347281: I tensorflow/compiler/mlir/mlir_graph_optimization_pass.cc:116] None of the MLIR optimization passes are enabled (registered 2)
WARNING:tensorflow:The parameters `output_attentions`, `output_hidden_states` and `use_cache` cannot be updated when calling a model.They have to be set to True/False in the config object (i.e.: `config=XConfig.from_pretrained('name', output_attentions=True)`).
WARNING:tensorflow:The parameter `return_dict` cannot be set in graph mode and will always be set to `True`.
Performing predictions...
WARNING:tensorflow:The parameters `output_attentions`, `output_hidden_states` and `use_cache` cannot be updated when calling a model.They have to be set to True/False in the config object (i.e.: `config=XConfig.from_pretrained('name', output_attentions=True)`).
WARNING:tensorflow:The parameter `return_dict` cannot be set in graph mode and will always be set to `True`.
Score from DistilBERT:
              precision    recall  f1-score   support

           0      0.927     0.810     0.864       189
           1      0.676     0.737     0.705        99
           2      0.592     0.693     0.639        88

    accuracy                          0.763       376
   macro avg      0.732     0.747     0.736       376
weighted avg      0.783     0.763     0.770       376

WARNING:tensorflow:Unresolved object in checkpoint: (root).optimizer
WARNING:tensorflow:Unresolved object in checkpoint: (root).optimizer.iter
WARNING:tensorflow:Unresolved object in checkpoint: (root).optimizer.beta_1
WARNING:tensorflow:Unresolved object in checkpoint: (root).optimizer.beta_2
WARNING:tensorflow:Unresolved object in checkpoint: (root).optimizer.decay
WARNING:tensorflow:Unresolved object in checkpoint: (root).optimizer.learning_rate
WARNING:tensorflow:Unresolved object in checkpoint: (root).optimizer's state 'm' for (root).pre_classifier.kernel
WARNING:tensorflow:Unresolved object in checkpoint: (root).optimizer's state 'm' for (root).pre_classifier.bias
WARNING:tensorflow:Unresolved object in checkpoint: (root).optimizer's state 'm' for (root).classifier.kernel
WARNING:tensorflow:Unresolved object in checkpoint: (root).optimizer's state 'm' for (root).classifier.bias
WARNING:tensorflow:Unresolved object in checkpoint: (root).optimizer's state 'm' for (root).distilbert.embeddings.weight
WARNING:tensorflow:Unresolved object in checkpoint: (root).optimizer's state 'm' for (root).distilbert.embeddings.embeddings
WARNING:tensorflow:Unresolved object in checkpoint: (root).optimizer's state 'm' for (root).distilbert.embeddings.LayerNorm.gamma
WARNING:tensorflow:Unresolved object in checkpoint: (root).optimizer's state 'm' for (root).distilbert.embeddings.LayerNorm.beta
WARNING:tensorflow:Unresolved object in checkpoint: (root).optimizer's state 'm' for (root).distilbert.transformer.layer.0.sa_layer_norm.gamma
WARNING:tensorflow:Unresolved object in checkpoint: (root).optimizer's state 'm' for (root).distilbert.transformer.layer.0.sa_layer_norm.beta
WARNING:tensorflow:Unresolved object in checkpoint: (root).optimizer's state 'm' for (root).distilbert.transformer.layer.0.output_layer_norm.gamma
WARNING:tensorflow:Unresolved object in checkpoint: (root).optimizer's state 'm' for (root).distilbert.transformer.layer.0.output_layer_norm.beta
WARNING:tensorflow:Unresolved object in checkpoint: (root).optimizer's state 'm' for (root).distilbert.transformer.layer.1.sa_layer_norm.gamma
WARNING:tensorflow:Unresolved object in checkpoint: (root).optimizer's state 'm' for (root).distilbert.transformer.layer.1.sa_layer_norm.beta
WARNING:tensorflow:Unresolved object in checkpoint: (root).optimizer's state 'm' for (root).distilbert.transformer.layer.1.output_layer_norm.gamma
WARNING:tensorflow:Unresolved object in checkpoint: (root).optimizer's state 'm' for (root).distilbert.transformer.layer.1.output_layer_norm.beta
WARNING:tensorflow:Unresolved object in checkpoint: (root).optimizer's state 'm' for (root).distilbert.transformer.layer.2.sa_layer_norm.gamma
WARNING:tensorflow:Unresolved object in checkpoint: (root).optimizer's state 'm' for (root).distilbert.transformer.layer.2.sa_layer_norm.beta
WARNING:tensorflow:Unresolved object in checkpoint: (root).optimizer's state 'm' for (root).distilbert.transformer.layer.2.output_layer_norm.gamma
WARNING:tensorflow:Unresolved object in checkpoint: (root).optimizer's state 'm' for (root).distilbert.transformer.layer.2.output_layer_norm.beta
WARNING:tensorflow:Unresolved object in checkpoint: (root).optimizer's state 'm' for (root).distilbert.transformer.layer.3.sa_layer_norm.gamma
WARNING:tensorflow:Unresolved object in checkpoint: (root).optimizer's state 'm' for (root).distilbert.transformer.layer.3.sa_layer_norm.beta
WARNING:tensorflow:Unresolved object in checkpoint: (root).optimizer's state 'm' for (root).distilbert.transformer.layer.3.output_layer_norm.gamma
WARNING:tensorflow:Unresolved object in checkpoint: (root).optimizer's state 'm' for (root).distilbert.transformer.layer.3.output_layer_norm.beta
WARNING:tensorflow:Unresolved object in checkpoint: (root).optimizer's state 'm' for (root).distilbert.transformer.layer.4.sa_layer_norm.gamma
WARNING:tensorflow:Unresolved object in checkpoint: (root).optimizer's state 'm' for (root).distilbert.transformer.layer.4.sa_layer_norm.beta
WARNING:tensorflow:Unresolved object in checkpoint: (root).optimizer's state 'm' for (root).distilbert.transformer.layer.4.output_layer_norm.gamma
WARNING:tensorflow:Unresolved object in checkpoint: (root).optimizer's state 'm' for (root).distilbert.transformer.layer.4.output_layer_norm.beta
WARNING:tensorflow:Unresolved object in checkpoint: (root).optimizer's state 'm' for (root).distilbert.transformer.layer.5.sa_layer_norm.gamma
WARNING:tensorflow:Unresolved object in checkpoint: (root).optimizer's state 'm' for (root).distilbert.transformer.layer.5.sa_layer_norm.beta
WARNING:tensorflow:Unresolved object in checkpoint: (root).optimizer's state 'm' for (root).distilbert.transformer.layer.5.output_layer_norm.gamma
WARNING:tensorflow:Unresolved object in checkpoint: (root).optimizer's state 'm' for (root).distilbert.transformer.layer.5.output_layer_norm.beta
WARNING:tensorflow:Unresolved object in checkpoint: (root).optimizer's state 'm' for (root).distilbert.transformer.layer.0.attention.q_lin.kernel
WARNING:tensorflow:Unresolved object in checkpoint: (root).optimizer's state 'm' for (root).distilbert.transformer.layer.0.attention.q_lin.bias
WARNING:tensorflow:Unresolved object in checkpoint: (root).optimizer's state 'm' for (root).distilbert.transformer.layer.0.attention.k_lin.kernel
WARNING:tensorflow:Unresolved object in checkpoint: (root).optimizer's state 'm' for (root).distilbert.transformer.layer.0.attention.k_lin.bias
WARNING:tensorflow:Unresolved object in checkpoint: (root).optimizer's state 'm' for (root).distilbert.transformer.layer.0.attention.v_lin.kernel
WARNING:tensorflow:Unresolved object in checkpoint: (root).optimizer's state 'm' for (root).distilbert.transformer.layer.0.attention.v_lin.bias
WARNING:tensorflow:Unresolved object in checkpoint: (root).optimizer's state 'm' for (root).distilbert.transformer.layer.0.attention.out_lin.kernel
WARNING:tensorflow:Unresolved object in checkpoint: (root).optimizer's state 'm' for (root).distilbert.transformer.layer.0.attention.out_lin.bias
WARNING:tensorflow:Unresolved object in checkpoint: (root).optimizer's state 'm' for (root).distilbert.transformer.layer.0.ffn.lin1.kernel
WARNING:tensorflow:Unresolved object in checkpoint: (root).optimizer's state 'm' for (root).distilbert.transformer.layer.0.ffn.lin1.bias
WARNING:tensorflow:Unresolved object in checkpoint: (root).optimizer's state 'm' for (root).distilbert.transformer.layer.0.ffn.lin2.kernel
WARNING:tensorflow:Unresolved object in checkpoint: (root).optimizer's state 'm' for (root).distilbert.transformer.layer.0.ffn.lin2.bias
WARNING:tensorflow:Unresolved object in checkpoint: (root).optimizer's state 'm' for (root).distilbert.transformer.layer.1.attention.q_lin.kernel
WARNING:tensorflow:Unresolved object in checkpoint: (root).optimizer's state 'm' for (root).distilbert.transformer.layer.1.attention.q_lin.bias
WARNING:tensorflow:Unresolved object in checkpoint: (root).optimizer's state 'm' for (root).distilbert.transformer.layer.1.attention.k_lin.kernel
WARNING:tensorflow:Unresolved object in checkpoint: (root).optimizer's state 'm' for (root).distilbert.transformer.layer.1.attention.k_lin.bias
WARNING:tensorflow:Unresolved object in checkpoint: (root).optimizer's state 'm' for (root).distilbert.transformer.layer.1.attention.v_lin.kernel
WARNING:tensorflow:Unresolved object in checkpoint: (root).optimizer's state 'm' for (root).distilbert.transformer.layer.1.attention.v_lin.bias
WARNING:tensorflow:Unresolved object in checkpoint: (root).optimizer's state 'm' for (root).distilbert.transformer.layer.1.attention.out_lin.kernel
WARNING:tensorflow:Unresolved object in checkpoint: (root).optimizer's state 'm' for (root).distilbert.transformer.layer.1.attention.out_lin.bias
WARNING:tensorflow:Unresolved object in checkpoint: (root).optimizer's state 'm' for (root).distilbert.transformer.layer.1.ffn.lin1.kernel
WARNING:tensorflow:Unresolved object in checkpoint: (root).optimizer's state 'm' for (root).distilbert.transformer.layer.1.ffn.lin1.bias
WARNING:tensorflow:Unresolved object in checkpoint: (root).optimizer's state 'm' for (root).distilbert.transformer.layer.1.ffn.lin2.kernel
WARNING:tensorflow:Unresolved object in checkpoint: (root).optimizer's state 'm' for (root).distilbert.transformer.layer.1.ffn.lin2.bias
WARNING:tensorflow:Unresolved object in checkpoint: (root).optimizer's state 'm' for (root).distilbert.transformer.layer.2.attention.q_lin.kernel
WARNING:tensorflow:Unresolved object in checkpoint: (root).optimizer's state 'm' for (root).distilbert.transformer.layer.2.attention.q_lin.bias
WARNING:tensorflow:Unresolved object in checkpoint: (root).optimizer's state 'm' for (root).distilbert.transformer.layer.2.attention.k_lin.kernel
WARNING:tensorflow:Unresolved object in checkpoint: (root).optimizer's state 'm' for (root).distilbert.transformer.layer.2.attention.k_lin.bias
WARNING:tensorflow:Unresolved object in checkpoint: (root).optimizer's state 'm' for (root).distilbert.transformer.layer.2.attention.v_lin.kernel
WARNING:tensorflow:Unresolved object in checkpoint: (root).optimizer's state 'm' for (root).distilbert.transformer.layer.2.attention.v_lin.bias
WARNING:tensorflow:Unresolved object in checkpoint: (root).optimizer's state 'm' for (root).distilbert.transformer.layer.2.attention.out_lin.kernel
WARNING:tensorflow:Unresolved object in checkpoint: (root).optimizer's state 'm' for (root).distilbert.transformer.layer.2.attention.out_lin.bias
WARNING:tensorflow:Unresolved object in checkpoint: (root).optimizer's state 'm' for (root).distilbert.transformer.layer.2.ffn.lin1.kernel
WARNING:tensorflow:Unresolved object in checkpoint: (root).optimizer's state 'm' for (root).distilbert.transformer.layer.2.ffn.lin1.bias
WARNING:tensorflow:Unresolved object in checkpoint: (root).optimizer's state 'm' for (root).distilbert.transformer.layer.2.ffn.lin2.kernel
WARNING:tensorflow:Unresolved object in checkpoint: (root).optimizer's state 'm' for (root).distilbert.transformer.layer.2.ffn.lin2.bias
WARNING:tensorflow:Unresolved object in checkpoint: (root).optimizer's state 'm' for (root).distilbert.transformer.layer.3.attention.q_lin.kernel
WARNING:tensorflow:Unresolved object in checkpoint: (root).optimizer's state 'm' for (root).distilbert.transformer.layer.3.attention.q_lin.bias
WARNING:tensorflow:Unresolved object in checkpoint: (root).optimizer's state 'm' for (root).distilbert.transformer.layer.3.attention.k_lin.kernel
WARNING:tensorflow:Unresolved object in checkpoint: (root).optimizer's state 'm' for (root).distilbert.transformer.layer.3.attention.k_lin.bias
WARNING:tensorflow:Unresolved object in checkpoint: (root).optimizer's state 'm' for (root).distilbert.transformer.layer.3.attention.v_lin.kernel
WARNING:tensorflow:Unresolved object in checkpoint: (root).optimizer's state 'm' for (root).distilbert.transformer.layer.3.attention.v_lin.bias
WARNING:tensorflow:Unresolved object in checkpoint: (root).optimizer's state 'm' for (root).distilbert.transformer.layer.3.attention.out_lin.kernel
WARNING:tensorflow:Unresolved object in checkpoint: (root).optimizer's state 'm' for (root).distilbert.transformer.layer.3.attention.out_lin.bias
WARNING:tensorflow:Unresolved object in checkpoint: (root).optimizer's state 'm' for (root).distilbert.transformer.layer.3.ffn.lin1.kernel
WARNING:tensorflow:Unresolved object in checkpoint: (root).optimizer's state 'm' for (root).distilbert.transformer.layer.3.ffn.lin1.bias
WARNING:tensorflow:Unresolved object in checkpoint: (root).optimizer's state 'm' for (root).distilbert.transformer.layer.3.ffn.lin2.kernel
WARNING:tensorflow:Unresolved object in checkpoint: (root).optimizer's state 'm' for (root).distilbert.transformer.layer.3.ffn.lin2.bias
WARNING:tensorflow:Unresolved object in checkpoint: (root).optimizer's state 'm' for (root).distilbert.transformer.layer.4.attention.q_lin.kernel
WARNING:tensorflow:Unresolved object in checkpoint: (root).optimizer's state 'm' for (root).distilbert.transformer.layer.4.attention.q_lin.bias
WARNING:tensorflow:Unresolved object in checkpoint: (root).optimizer's state 'm' for (root).distilbert.transformer.layer.4.attention.k_lin.kernel
WARNING:tensorflow:Unresolved object in checkpoint: (root).optimizer's state 'm' for (root).distilbert.transformer.layer.4.attention.k_lin.bias
WARNING:tensorflow:Unresolved object in checkpoint: (root).optimizer's state 'm' for (root).distilbert.transformer.layer.4.attention.v_lin.kernel
WARNING:tensorflow:Unresolved object in checkpoint: (root).optimizer's state 'm' for (root).distilbert.transformer.layer.4.attention.v_lin.bias
WARNING:tensorflow:Unresolved object in checkpoint: (root).optimizer's state 'm' for (root).distilbert.transformer.layer.4.attention.out_lin.kernel
WARNING:tensorflow:Unresolved object in checkpoint: (root).optimizer's state 'm' for (root).distilbert.transformer.layer.4.attention.out_lin.bias
WARNING:tensorflow:Unresolved object in checkpoint: (root).optimizer's state 'm' for (root).distilbert.transformer.layer.4.ffn.lin1.kernel
WARNING:tensorflow:Unresolved object in checkpoint: (root).optimizer's state 'm' for (root).distilbert.transformer.layer.4.ffn.lin1.bias
WARNING:tensorflow:Unresolved object in checkpoint: (root).optimizer's state 'm' for (root).distilbert.transformer.layer.4.ffn.lin2.kernel
WARNING:tensorflow:Unresolved object in checkpoint: (root).optimizer's state 'm' for (root).distilbert.transformer.layer.4.ffn.lin2.bias
WARNING:tensorflow:Unresolved object in checkpoint: (root).optimizer's state 'm' for (root).distilbert.transformer.layer.5.attention.q_lin.kernel
WARNING:tensorflow:Unresolved object in checkpoint: (root).optimizer's state 'm' for (root).distilbert.transformer.layer.5.attention.q_lin.bias
WARNING:tensorflow:Unresolved object in checkpoint: (root).optimizer's state 'm' for (root).distilbert.transformer.layer.5.attention.k_lin.kernel
WARNING:tensorflow:Unresolved object in checkpoint: (root).optimizer's state 'm' for (root).distilbert.transformer.layer.5.attention.k_lin.bias
WARNING:tensorflow:Unresolved object in checkpoint: (root).optimizer's state 'm' for (root).distilbert.transformer.layer.5.attention.v_lin.kernel
WARNING:tensorflow:Unresolved object in checkpoint: (root).optimizer's state 'm' for (root).distilbert.transformer.layer.5.attention.v_lin.bias
WARNING:tensorflow:Unresolved object in checkpoint: (root).optimizer's state 'm' for (root).distilbert.transformer.layer.5.attention.out_lin.kernel
WARNING:tensorflow:Unresolved object in checkpoint: (root).optimizer's state 'm' for (root).distilbert.transformer.layer.5.attention.out_lin.bias
WARNING:tensorflow:Unresolved object in checkpoint: (root).optimizer's state 'm' for (root).distilbert.transformer.layer.5.ffn.lin1.kernel
WARNING:tensorflow:Unresolved object in checkpoint: (root).optimizer's state 'm' for (root).distilbert.transformer.layer.5.ffn.lin1.bias
WARNING:tensorflow:Unresolved object in checkpoint: (root).optimizer's state 'm' for (root).distilbert.transformer.layer.5.ffn.lin2.kernel
WARNING:tensorflow:Unresolved object in checkpoint: (root).optimizer's state 'm' for (root).distilbert.transformer.layer.5.ffn.lin2.bias
WARNING:tensorflow:Unresolved object in checkpoint: (root).optimizer's state 'v' for (root).pre_classifier.kernel
WARNING:tensorflow:Unresolved object in checkpoint: (root).optimizer's state 'v' for (root).pre_classifier.bias
WARNING:tensorflow:Unresolved object in checkpoint: (root).optimizer's state 'v' for (root).classifier.kernel
WARNING:tensorflow:Unresolved object in checkpoint: (root).optimizer's state 'v' for (root).classifier.bias
WARNING:tensorflow:Unresolved object in checkpoint: (root).optimizer's state 'v' for (root).distilbert.embeddings.weight
WARNING:tensorflow:Unresolved object in checkpoint: (root).optimizer's state 'v' for (root).distilbert.embeddings.embeddings
WARNING:tensorflow:Unresolved object in checkpoint: (root).optimizer's state 'v' for (root).distilbert.embeddings.LayerNorm.gamma
WARNING:tensorflow:Unresolved object in checkpoint: (root).optimizer's state 'v' for (root).distilbert.embeddings.LayerNorm.beta
WARNING:tensorflow:Unresolved object in checkpoint: (root).optimizer's state 'v' for (root).distilbert.transformer.layer.0.sa_layer_norm.gamma
WARNING:tensorflow:Unresolved object in checkpoint: (root).optimizer's state 'v' for (root).distilbert.transformer.layer.0.sa_layer_norm.beta
WARNING:tensorflow:Unresolved object in checkpoint: (root).optimizer's state 'v' for (root).distilbert.transformer.layer.0.output_layer_norm.gamma
WARNING:tensorflow:Unresolved object in checkpoint: (root).optimizer's state 'v' for (root).distilbert.transformer.layer.0.output_layer_norm.beta
WARNING:tensorflow:Unresolved object in checkpoint: (root).optimizer's state 'v' for (root).distilbert.transformer.layer.1.sa_layer_norm.gamma
WARNING:tensorflow:Unresolved object in checkpoint: (root).optimizer's state 'v' for (root).distilbert.transformer.layer.1.sa_layer_norm.beta
WARNING:tensorflow:Unresolved object in checkpoint: (root).optimizer's state 'v' for (root).distilbert.transformer.layer.1.output_layer_norm.gamma
WARNING:tensorflow:Unresolved object in checkpoint: (root).optimizer's state 'v' for (root).distilbert.transformer.layer.1.output_layer_norm.beta
WARNING:tensorflow:Unresolved object in checkpoint: (root).optimizer's state 'v' for (root).distilbert.transformer.layer.2.sa_layer_norm.gamma
WARNING:tensorflow:Unresolved object in checkpoint: (root).optimizer's state 'v' for (root).distilbert.transformer.layer.2.sa_layer_norm.beta
WARNING:tensorflow:Unresolved object in checkpoint: (root).optimizer's state 'v' for (root).distilbert.transformer.layer.2.output_layer_norm.gamma
WARNING:tensorflow:Unresolved object in checkpoint: (root).optimizer's state 'v' for (root).distilbert.transformer.layer.2.output_layer_norm.beta
WARNING:tensorflow:Unresolved object in checkpoint: (root).optimizer's state 'v' for (root).distilbert.transformer.layer.3.sa_layer_norm.gamma
WARNING:tensorflow:Unresolved object in checkpoint: (root).optimizer's state 'v' for (root).distilbert.transformer.layer.3.sa_layer_norm.beta
WARNING:tensorflow:Unresolved object in checkpoint: (root).optimizer's state 'v' for (root).distilbert.transformer.layer.3.output_layer_norm.gamma
WARNING:tensorflow:Unresolved object in checkpoint: (root).optimizer's state 'v' for (root).distilbert.transformer.layer.3.output_layer_norm.beta
WARNING:tensorflow:Unresolved object in checkpoint: (root).optimizer's state 'v' for (root).distilbert.transformer.layer.4.sa_layer_norm.gamma
WARNING:tensorflow:Unresolved object in checkpoint: (root).optimizer's state 'v' for (root).distilbert.transformer.layer.4.sa_layer_norm.beta
WARNING:tensorflow:Unresolved object in checkpoint: (root).optimizer's state 'v' for (root).distilbert.transformer.layer.4.output_layer_norm.gamma
WARNING:tensorflow:Unresolved object in checkpoint: (root).optimizer's state 'v' for (root).distilbert.transformer.layer.4.output_layer_norm.beta
WARNING:tensorflow:Unresolved object in checkpoint: (root).optimizer's state 'v' for (root).distilbert.transformer.layer.5.sa_layer_norm.gamma
WARNING:tensorflow:Unresolved object in checkpoint: (root).optimizer's state 'v' for (root).distilbert.transformer.layer.5.sa_layer_norm.beta
WARNING:tensorflow:Unresolved object in checkpoint: (root).optimizer's state 'v' for (root).distilbert.transformer.layer.5.output_layer_norm.gamma
WARNING:tensorflow:Unresolved object in checkpoint: (root).optimizer's state 'v' for (root).distilbert.transformer.layer.5.output_layer_norm.beta
WARNING:tensorflow:Unresolved object in checkpoint: (root).optimizer's state 'v' for (root).distilbert.transformer.layer.0.attention.q_lin.kernel
WARNING:tensorflow:Unresolved object in checkpoint: (root).optimizer's state 'v' for (root).distilbert.transformer.layer.0.attention.q_lin.bias
WARNING:tensorflow:Unresolved object in checkpoint: (root).optimizer's state 'v' for (root).distilbert.transformer.layer.0.attention.k_lin.kernel
WARNING:tensorflow:Unresolved object in checkpoint: (root).optimizer's state 'v' for (root).distilbert.transformer.layer.0.attention.k_lin.bias
WARNING:tensorflow:Unresolved object in checkpoint: (root).optimizer's state 'v' for (root).distilbert.transformer.layer.0.attention.v_lin.kernel
WARNING:tensorflow:Unresolved object in checkpoint: (root).optimizer's state 'v' for (root).distilbert.transformer.layer.0.attention.v_lin.bias
WARNING:tensorflow:Unresolved object in checkpoint: (root).optimizer's state 'v' for (root).distilbert.transformer.layer.0.attention.out_lin.kernel
WARNING:tensorflow:Unresolved object in checkpoint: (root).optimizer's state 'v' for (root).distilbert.transformer.layer.0.attention.out_lin.bias
WARNING:tensorflow:Unresolved object in checkpoint: (root).optimizer's state 'v' for (root).distilbert.transformer.layer.0.ffn.lin1.kernel
WARNING:tensorflow:Unresolved object in checkpoint: (root).optimizer's state 'v' for (root).distilbert.transformer.layer.0.ffn.lin1.bias
WARNING:tensorflow:Unresolved object in checkpoint: (root).optimizer's state 'v' for (root).distilbert.transformer.layer.0.ffn.lin2.kernel
WARNING:tensorflow:Unresolved object in checkpoint: (root).optimizer's state 'v' for (root).distilbert.transformer.layer.0.ffn.lin2.bias
WARNING:tensorflow:Unresolved object in checkpoint: (root).optimizer's state 'v' for (root).distilbert.transformer.layer.1.attention.q_lin.kernel
WARNING:tensorflow:Unresolved object in checkpoint: (root).optimizer's state 'v' for (root).distilbert.transformer.layer.1.attention.q_lin.bias
WARNING:tensorflow:Unresolved object in checkpoint: (root).optimizer's state 'v' for (root).distilbert.transformer.layer.1.attention.k_lin.kernel
WARNING:tensorflow:Unresolved object in checkpoint: (root).optimizer's state 'v' for (root).distilbert.transformer.layer.1.attention.k_lin.bias
WARNING:tensorflow:Unresolved object in checkpoint: (root).optimizer's state 'v' for (root).distilbert.transformer.layer.1.attention.v_lin.kernel
WARNING:tensorflow:Unresolved object in checkpoint: (root).optimizer's state 'v' for (root).distilbert.transformer.layer.1.attention.v_lin.bias
WARNING:tensorflow:Unresolved object in checkpoint: (root).optimizer's state 'v' for (root).distilbert.transformer.layer.1.attention.out_lin.kernel
WARNING:tensorflow:Unresolved object in checkpoint: (root).optimizer's state 'v' for (root).distilbert.transformer.layer.1.attention.out_lin.bias
WARNING:tensorflow:Unresolved object in checkpoint: (root).optimizer's state 'v' for (root).distilbert.transformer.layer.1.ffn.lin1.kernel
WARNING:tensorflow:Unresolved object in checkpoint: (root).optimizer's state 'v' for (root).distilbert.transformer.layer.1.ffn.lin1.bias
WARNING:tensorflow:Unresolved object in checkpoint: (root).optimizer's state 'v' for (root).distilbert.transformer.layer.1.ffn.lin2.kernel
WARNING:tensorflow:Unresolved object in checkpoint: (root).optimizer's state 'v' for (root).distilbert.transformer.layer.1.ffn.lin2.bias
WARNING:tensorflow:Unresolved object in checkpoint: (root).optimizer's state 'v' for (root).distilbert.transformer.layer.2.attention.q_lin.kernel
WARNING:tensorflow:Unresolved object in checkpoint: (root).optimizer's state 'v' for (root).distilbert.transformer.layer.2.attention.q_lin.bias
WARNING:tensorflow:Unresolved object in checkpoint: (root).optimizer's state 'v' for (root).distilbert.transformer.layer.2.attention.k_lin.kernel
WARNING:tensorflow:Unresolved object in checkpoint: (root).optimizer's state 'v' for (root).distilbert.transformer.layer.2.attention.k_lin.bias
WARNING:tensorflow:Unresolved object in checkpoint: (root).optimizer's state 'v' for (root).distilbert.transformer.layer.2.attention.v_lin.kernel
WARNING:tensorflow:Unresolved object in checkpoint: (root).optimizer's state 'v' for (root).distilbert.transformer.layer.2.attention.v_lin.bias
WARNING:tensorflow:Unresolved object in checkpoint: (root).optimizer's state 'v' for (root).distilbert.transformer.layer.2.attention.out_lin.kernel
WARNING:tensorflow:Unresolved object in checkpoint: (root).optimizer's state 'v' for (root).distilbert.transformer.layer.2.attention.out_lin.bias
WARNING:tensorflow:Unresolved object in checkpoint: (root).optimizer's state 'v' for (root).distilbert.transformer.layer.2.ffn.lin1.kernel
WARNING:tensorflow:Unresolved object in checkpoint: (root).optimizer's state 'v' for (root).distilbert.transformer.layer.2.ffn.lin1.bias
WARNING:tensorflow:Unresolved object in checkpoint: (root).optimizer's state 'v' for (root).distilbert.transformer.layer.2.ffn.lin2.kernel
WARNING:tensorflow:Unresolved object in checkpoint: (root).optimizer's state 'v' for (root).distilbert.transformer.layer.2.ffn.lin2.bias
WARNING:tensorflow:Unresolved object in checkpoint: (root).optimizer's state 'v' for (root).distilbert.transformer.layer.3.attention.q_lin.kernel
WARNING:tensorflow:Unresolved object in checkpoint: (root).optimizer's state 'v' for (root).distilbert.transformer.layer.3.attention.q_lin.bias
WARNING:tensorflow:Unresolved object in checkpoint: (root).optimizer's state 'v' for (root).distilbert.transformer.layer.3.attention.k_lin.kernel
WARNING:tensorflow:Unresolved object in checkpoint: (root).optimizer's state 'v' for (root).distilbert.transformer.layer.3.attention.k_lin.bias
WARNING:tensorflow:Unresolved object in checkpoint: (root).optimizer's state 'v' for (root).distilbert.transformer.layer.3.attention.v_lin.kernel
WARNING:tensorflow:Unresolved object in checkpoint: (root).optimizer's state 'v' for (root).distilbert.transformer.layer.3.attention.v_lin.bias
WARNING:tensorflow:Unresolved object in checkpoint: (root).optimizer's state 'v' for (root).distilbert.transformer.layer.3.attention.out_lin.kernel
WARNING:tensorflow:Unresolved object in checkpoint: (root).optimizer's state 'v' for (root).distilbert.transformer.layer.3.attention.out_lin.bias
WARNING:tensorflow:Unresolved object in checkpoint: (root).optimizer's state 'v' for (root).distilbert.transformer.layer.3.ffn.lin1.kernel
WARNING:tensorflow:Unresolved object in checkpoint: (root).optimizer's state 'v' for (root).distilbert.transformer.layer.3.ffn.lin1.bias
WARNING:tensorflow:Unresolved object in checkpoint: (root).optimizer's state 'v' for (root).distilbert.transformer.layer.3.ffn.lin2.kernel
WARNING:tensorflow:Unresolved object in checkpoint: (root).optimizer's state 'v' for (root).distilbert.transformer.layer.3.ffn.lin2.bias
WARNING:tensorflow:Unresolved object in checkpoint: (root).optimizer's state 'v' for (root).distilbert.transformer.layer.4.attention.q_lin.kernel
WARNING:tensorflow:Unresolved object in checkpoint: (root).optimizer's state 'v' for (root).distilbert.transformer.layer.4.attention.q_lin.bias
WARNING:tensorflow:Unresolved object in checkpoint: (root).optimizer's state 'v' for (root).distilbert.transformer.layer.4.attention.k_lin.kernel
WARNING:tensorflow:Unresolved object in checkpoint: (root).optimizer's state 'v' for (root).distilbert.transformer.layer.4.attention.k_lin.bias
WARNING:tensorflow:Unresolved object in checkpoint: (root).optimizer's state 'v' for (root).distilbert.transformer.layer.4.attention.v_lin.kernel
WARNING:tensorflow:Unresolved object in checkpoint: (root).optimizer's state 'v' for (root).distilbert.transformer.layer.4.attention.v_lin.bias
WARNING:tensorflow:Unresolved object in checkpoint: (root).optimizer's state 'v' for (root).distilbert.transformer.layer.4.attention.out_lin.kernel
WARNING:tensorflow:Unresolved object in checkpoint: (root).optimizer's state 'v' for (root).distilbert.transformer.layer.4.attention.out_lin.bias
WARNING:tensorflow:Unresolved object in checkpoint: (root).optimizer's state 'v' for (root).distilbert.transformer.layer.4.ffn.lin1.kernel
WARNING:tensorflow:Unresolved object in checkpoint: (root).optimizer's state 'v' for (root).distilbert.transformer.layer.4.ffn.lin1.bias
WARNING:tensorflow:Unresolved object in checkpoint: (root).optimizer's state 'v' for (root).distilbert.transformer.layer.4.ffn.lin2.kernel
WARNING:tensorflow:Unresolved object in checkpoint: (root).optimizer's state 'v' for (root).distilbert.transformer.layer.4.ffn.lin2.bias
WARNING:tensorflow:Unresolved object in checkpoint: (root).optimizer's state 'v' for (root).distilbert.transformer.layer.5.attention.q_lin.kernel
WARNING:tensorflow:Unresolved object in checkpoint: (root).optimizer's state 'v' for (root).distilbert.transformer.layer.5.attention.q_lin.bias
WARNING:tensorflow:Unresolved object in checkpoint: (root).optimizer's state 'v' for (root).distilbert.transformer.layer.5.attention.k_lin.kernel
WARNING:tensorflow:Unresolved object in checkpoint: (root).optimizer's state 'v' for (root).distilbert.transformer.layer.5.attention.k_lin.bias
WARNING:tensorflow:Unresolved object in checkpoint: (root).optimizer's state 'v' for (root).distilbert.transformer.layer.5.attention.v_lin.kernel
WARNING:tensorflow:Unresolved object in checkpoint: (root).optimizer's state 'v' for (root).distilbert.transformer.layer.5.attention.v_lin.bias
WARNING:tensorflow:Unresolved object in checkpoint: (root).optimizer's state 'v' for (root).distilbert.transformer.layer.5.attention.out_lin.kernel
WARNING:tensorflow:Unresolved object in checkpoint: (root).optimizer's state 'v' for (root).distilbert.transformer.layer.5.attention.out_lin.bias
WARNING:tensorflow:Unresolved object in checkpoint: (root).optimizer's state 'v' for (root).distilbert.transformer.layer.5.ffn.lin1.kernel
WARNING:tensorflow:Unresolved object in checkpoint: (root).optimizer's state 'v' for (root).distilbert.transformer.layer.5.ffn.lin1.bias
WARNING:tensorflow:Unresolved object in checkpoint: (root).optimizer's state 'v' for (root).distilbert.transformer.layer.5.ffn.lin2.kernel
WARNING:tensorflow:Unresolved object in checkpoint: (root).optimizer's state 'v' for (root).distilbert.transformer.layer.5.ffn.lin2.bias
WARNING:tensorflow:A checkpoint was restored (e.g. tf.train.Checkpoint.restore or tf.keras.Model.load_weights) but not all checkpointed values were used. See above for specific issues. Use expect_partial() on the load status object, e.g. tf.train.Checkpoint.restore(...).expect_partial(), to silence these warnings, or use assert_consumed() to make the check explicit. See https://www.tensorflow.org/guide/checkpoint#loading_mechanics for details.
Linux idun-04-02 4.18.0-193.el8.x86_64 #1 SMP Fri May 8 10:59:10 UTC 2020 x86_64 x86_64 x86_64 GNU/Linux
