We are running from this directory: /cluster/home/eirida/masteroppgave/Masteroppgave
The name of the job is: reddit_data_distilbert_semi
Th job ID is 249288
The job was run on these nodes: idun-05-05
Number of nodes: 1
We are using 8 cores
We are using 8 cores per node
Total of 8 cores
2021-05-23 13:38:24.307068: I tensorflow/stream_executor/platform/default/dso_loader.cc:49] Successfully opened dynamic library libcudart.so.11.0
Starting run...
2021-05-23 13:38:28.180677: I tensorflow/stream_executor/platform/default/dso_loader.cc:49] Successfully opened dynamic library libcuda.so.1
2021-05-23 13:38:28.684672: I tensorflow/core/common_runtime/gpu/gpu_device.cc:1720] Found device 0 with properties: 
pciBusID: 0000:03:00.0 name: Tesla P100-PCIE-16GB computeCapability: 6.0
coreClock: 1.3285GHz coreCount: 56 deviceMemorySize: 15.90GiB deviceMemoryBandwidth: 681.88GiB/s
2021-05-23 13:38:28.684727: I tensorflow/stream_executor/platform/default/dso_loader.cc:49] Successfully opened dynamic library libcudart.so.11.0
2021-05-23 13:38:28.689515: I tensorflow/stream_executor/platform/default/dso_loader.cc:49] Successfully opened dynamic library libcublas.so.11
2021-05-23 13:38:28.689582: I tensorflow/stream_executor/platform/default/dso_loader.cc:49] Successfully opened dynamic library libcublasLt.so.11
2021-05-23 13:38:28.692354: I tensorflow/stream_executor/platform/default/dso_loader.cc:49] Successfully opened dynamic library libcufft.so.10
2021-05-23 13:38:28.693241: I tensorflow/stream_executor/platform/default/dso_loader.cc:49] Successfully opened dynamic library libcurand.so.10
2021-05-23 13:38:28.696492: I tensorflow/stream_executor/platform/default/dso_loader.cc:49] Successfully opened dynamic library libcusolver.so.10
2021-05-23 13:38:28.697433: I tensorflow/stream_executor/platform/default/dso_loader.cc:49] Successfully opened dynamic library libcusparse.so.11
2021-05-23 13:38:28.697995: I tensorflow/stream_executor/platform/default/dso_loader.cc:49] Successfully opened dynamic library libcudnn.so.8
2021-05-23 13:38:28.699785: I tensorflow/core/common_runtime/gpu/gpu_device.cc:1862] Adding visible gpu devices: 0
Number of GPUs Avail: 1
2021-05-23 13:38:28.700075: I tensorflow/core/platform/cpu_feature_guard.cc:142] This TensorFlow binary is optimized with oneAPI Deep Neural Network Library (oneDNN) to use the following CPU instructions in performance-critical operations:  AVX2 FMA
To enable them in other operations, rebuild TensorFlow with the appropriate compiler flags.
2021-05-23 13:38:28.711923: I tensorflow/core/platform/profile_utils/cpu_utils.cc:112] CPU Frequency: 2100020000 Hz
2021-05-23 13:38:28.712859: I tensorflow/compiler/xla/service/service.cc:168] XLA service 0x564cae8a0820 initialized for platform Host (this does not guarantee that XLA will be used). Devices:
2021-05-23 13:38:28.712921: I tensorflow/compiler/xla/service/service.cc:176]   StreamExecutor device (0): Host, Default Version
2021-05-23 13:38:28.887612: I tensorflow/compiler/xla/service/service.cc:168] XLA service 0x564caebcc690 initialized for platform CUDA (this does not guarantee that XLA will be used). Devices:
2021-05-23 13:38:28.887698: I tensorflow/compiler/xla/service/service.cc:176]   StreamExecutor device (0): Tesla P100-PCIE-16GB, Compute Capability 6.0
2021-05-23 13:38:28.888754: I tensorflow/core/common_runtime/gpu/gpu_device.cc:1720] Found device 0 with properties: 
pciBusID: 0000:03:00.0 name: Tesla P100-PCIE-16GB computeCapability: 6.0
coreClock: 1.3285GHz coreCount: 56 deviceMemorySize: 15.90GiB deviceMemoryBandwidth: 681.88GiB/s
2021-05-23 13:38:28.888801: I tensorflow/stream_executor/platform/default/dso_loader.cc:49] Successfully opened dynamic library libcudart.so.11.0
2021-05-23 13:38:28.888845: I tensorflow/stream_executor/platform/default/dso_loader.cc:49] Successfully opened dynamic library libcublas.so.11
2021-05-23 13:38:28.888873: I tensorflow/stream_executor/platform/default/dso_loader.cc:49] Successfully opened dynamic library libcublasLt.so.11
2021-05-23 13:38:28.888924: I tensorflow/stream_executor/platform/default/dso_loader.cc:49] Successfully opened dynamic library libcufft.so.10
2021-05-23 13:38:28.888977: I tensorflow/stream_executor/platform/default/dso_loader.cc:49] Successfully opened dynamic library libcurand.so.10
2021-05-23 13:38:28.889008: I tensorflow/stream_executor/platform/default/dso_loader.cc:49] Successfully opened dynamic library libcusolver.so.10
2021-05-23 13:38:28.889036: I tensorflow/stream_executor/platform/default/dso_loader.cc:49] Successfully opened dynamic library libcusparse.so.11
2021-05-23 13:38:28.889064: I tensorflow/stream_executor/platform/default/dso_loader.cc:49] Successfully opened dynamic library libcudnn.so.8
2021-05-23 13:38:28.890761: I tensorflow/core/common_runtime/gpu/gpu_device.cc:1862] Adding visible gpu devices: 0
2021-05-23 13:38:28.890808: I tensorflow/stream_executor/platform/default/dso_loader.cc:49] Successfully opened dynamic library libcudart.so.11.0
2021-05-23 13:38:29.342599: I tensorflow/core/common_runtime/gpu/gpu_device.cc:1261] Device interconnect StreamExecutor with strength 1 edge matrix:
2021-05-23 13:38:29.342702: I tensorflow/core/common_runtime/gpu/gpu_device.cc:1267]      0 
2021-05-23 13:38:29.342720: I tensorflow/core/common_runtime/gpu/gpu_device.cc:1280] 0:   N 
2021-05-23 13:38:29.344611: I tensorflow/core/common_runtime/gpu/gpu_device.cc:1406] Created TensorFlow device (/device:GPU:0 with 14957 MB memory) -> physical GPU (device: 0, name: Tesla P100-PCIE-16GB, pci bus id: 0000:03:00.0, compute capability: 6.0)
GPU Name: /device:GPU:0
Cuda: True
136846 136846 136846
376 376 376
Load tokenizers
Tokenize...
Load models
2021-05-23 13:38:50.748925: I tensorflow/core/common_runtime/gpu/gpu_device.cc:1720] Found device 0 with properties: 
pciBusID: 0000:03:00.0 name: Tesla P100-PCIE-16GB computeCapability: 6.0
coreClock: 1.3285GHz coreCount: 56 deviceMemorySize: 15.90GiB deviceMemoryBandwidth: 681.88GiB/s
2021-05-23 13:38:50.748997: I tensorflow/stream_executor/platform/default/dso_loader.cc:49] Successfully opened dynamic library libcudart.so.11.0
2021-05-23 13:38:50.749047: I tensorflow/stream_executor/platform/default/dso_loader.cc:49] Successfully opened dynamic library libcublas.so.11
2021-05-23 13:38:50.749078: I tensorflow/stream_executor/platform/default/dso_loader.cc:49] Successfully opened dynamic library libcublasLt.so.11
2021-05-23 13:38:50.749106: I tensorflow/stream_executor/platform/default/dso_loader.cc:49] Successfully opened dynamic library libcufft.so.10
2021-05-23 13:38:50.749134: I tensorflow/stream_executor/platform/default/dso_loader.cc:49] Successfully opened dynamic library libcurand.so.10
2021-05-23 13:38:50.749163: I tensorflow/stream_executor/platform/default/dso_loader.cc:49] Successfully opened dynamic library libcusolver.so.10
2021-05-23 13:38:50.749205: I tensorflow/stream_executor/platform/default/dso_loader.cc:49] Successfully opened dynamic library libcusparse.so.11
2021-05-23 13:38:50.749235: I tensorflow/stream_executor/platform/default/dso_loader.cc:49] Successfully opened dynamic library libcudnn.so.8
2021-05-23 13:38:50.750865: I tensorflow/core/common_runtime/gpu/gpu_device.cc:1862] Adding visible gpu devices: 0
2021-05-23 13:38:50.750919: I tensorflow/core/common_runtime/gpu/gpu_device.cc:1261] Device interconnect StreamExecutor with strength 1 edge matrix:
2021-05-23 13:38:50.750939: I tensorflow/core/common_runtime/gpu/gpu_device.cc:1267]      0 
2021-05-23 13:38:50.750951: I tensorflow/core/common_runtime/gpu/gpu_device.cc:1280] 0:   N 
2021-05-23 13:38:50.752502: I tensorflow/core/common_runtime/gpu/gpu_device.cc:1406] Created TensorFlow device (/job:localhost/replica:0/task:0/device:GPU:0 with 14957 MB memory) -> physical GPU (device: 0, name: Tesla P100-PCIE-16GB, pci bus id: 0000:03:00.0, compute capability: 6.0)
2021-05-23 13:38:50.931408: W tensorflow/python/util/util.cc:348] Sets are not currently considered sequences, but this may change in the future, so consider avoiding using them.
2021-05-23 13:38:51.013532: I tensorflow/stream_executor/platform/default/dso_loader.cc:49] Successfully opened dynamic library libcublas.so.11
2021-05-23 13:38:51.195608: I tensorflow/stream_executor/platform/default/dso_loader.cc:49] Successfully opened dynamic library libcublasLt.so.11
Some layers from the model checkpoint at distilbert-base-uncased were not used when initializing TFDistilBertForSequenceClassification: ['vocab_layer_norm', 'activation_13', 'vocab_projector', 'vocab_transform']
- This IS expected if you are initializing TFDistilBertForSequenceClassification from the checkpoint of a model trained on another task or with another architecture (e.g. initializing a BertForSequenceClassification model from a BertForPreTraining model).
- This IS NOT expected if you are initializing TFDistilBertForSequenceClassification from the checkpoint of a model that you expect to be exactly identical (initializing a BertForSequenceClassification model from a BertForSequenceClassification model).
Some layers of TFDistilBertForSequenceClassification were not initialized from the model checkpoint at distilbert-base-uncased and are newly initialized: ['dropout_19', 'pre_classifier', 'classifier']
You should probably TRAIN this model on a down-stream task to be able to use it for predictions and inference.
Load weights
Performing predictions...
2021-05-23 13:38:53.137353: I tensorflow/compiler/mlir/mlir_graph_optimization_pass.cc:116] None of the MLIR optimization passes are enabled (registered 2)
WARNING:tensorflow:The parameters `output_attentions`, `output_hidden_states` and `use_cache` cannot be updated when calling a model.They have to be set to True/False in the config object (i.e.: `config=XConfig.from_pretrained('name', output_attentions=True)`).
WARNING:tensorflow:The parameter `return_dict` cannot be set in graph mode and will always be set to `True`.
Performing predictions...
WARNING:tensorflow:The parameters `output_attentions`, `output_hidden_states` and `use_cache` cannot be updated when calling a model.They have to be set to True/False in the config object (i.e.: `config=XConfig.from_pretrained('name', output_attentions=True)`).
WARNING:tensorflow:The parameter `return_dict` cannot be set in graph mode and will always be set to `True`.
Score from DistilBERT:
              precision    recall  f1-score   support

           0      0.859     0.836     0.847       189
           1      0.455     0.869     0.597        99
           2      0.667     0.023     0.044        88

    accuracy                          0.654       376
   macro avg      0.660     0.576     0.496       376
weighted avg      0.707     0.654     0.593       376

WARNING:tensorflow:Unresolved object in checkpoint: (root).optimizer
WARNING:tensorflow:Unresolved object in checkpoint: (root).optimizer.iter
WARNING:tensorflow:Unresolved object in checkpoint: (root).optimizer.beta_1
WARNING:tensorflow:Unresolved object in checkpoint: (root).optimizer.beta_2
WARNING:tensorflow:Unresolved object in checkpoint: (root).optimizer.decay
WARNING:tensorflow:Unresolved object in checkpoint: (root).optimizer.learning_rate
WARNING:tensorflow:Unresolved object in checkpoint: (root).optimizer's state 'm' for (root).pre_classifier.kernel
WARNING:tensorflow:Unresolved object in checkpoint: (root).optimizer's state 'm' for (root).pre_classifier.bias
WARNING:tensorflow:Unresolved object in checkpoint: (root).optimizer's state 'm' for (root).classifier.kernel
WARNING:tensorflow:Unresolved object in checkpoint: (root).optimizer's state 'm' for (root).classifier.bias
WARNING:tensorflow:Unresolved object in checkpoint: (root).optimizer's state 'm' for (root).distilbert.embeddings.weight
WARNING:tensorflow:Unresolved object in checkpoint: (root).optimizer's state 'm' for (root).distilbert.embeddings.embeddings
WARNING:tensorflow:Unresolved object in checkpoint: (root).optimizer's state 'm' for (root).distilbert.embeddings.LayerNorm.gamma
WARNING:tensorflow:Unresolved object in checkpoint: (root).optimizer's state 'm' for (root).distilbert.embeddings.LayerNorm.beta
WARNING:tensorflow:Unresolved object in checkpoint: (root).optimizer's state 'm' for (root).distilbert.transformer.layer.0.sa_layer_norm.gamma
WARNING:tensorflow:Unresolved object in checkpoint: (root).optimizer's state 'm' for (root).distilbert.transformer.layer.0.sa_layer_norm.beta
WARNING:tensorflow:Unresolved object in checkpoint: (root).optimizer's state 'm' for (root).distilbert.transformer.layer.0.output_layer_norm.gamma
WARNING:tensorflow:Unresolved object in checkpoint: (root).optimizer's state 'm' for (root).distilbert.transformer.layer.0.output_layer_norm.beta
WARNING:tensorflow:Unresolved object in checkpoint: (root).optimizer's state 'm' for (root).distilbert.transformer.layer.1.sa_layer_norm.gamma
WARNING:tensorflow:Unresolved object in checkpoint: (root).optimizer's state 'm' for (root).distilbert.transformer.layer.1.sa_layer_norm.beta
WARNING:tensorflow:Unresolved object in checkpoint: (root).optimizer's state 'm' for (root).distilbert.transformer.layer.1.output_layer_norm.gamma
WARNING:tensorflow:Unresolved object in checkpoint: (root).optimizer's state 'm' for (root).distilbert.transformer.layer.1.output_layer_norm.beta
WARNING:tensorflow:Unresolved object in checkpoint: (root).optimizer's state 'm' for (root).distilbert.transformer.layer.2.sa_layer_norm.gamma
WARNING:tensorflow:Unresolved object in checkpoint: (root).optimizer's state 'm' for (root).distilbert.transformer.layer.2.sa_layer_norm.beta
WARNING:tensorflow:Unresolved object in checkpoint: (root).optimizer's state 'm' for (root).distilbert.transformer.layer.2.output_layer_norm.gamma
WARNING:tensorflow:Unresolved object in checkpoint: (root).optimizer's state 'm' for (root).distilbert.transformer.layer.2.output_layer_norm.beta
WARNING:tensorflow:Unresolved object in checkpoint: (root).optimizer's state 'm' for (root).distilbert.transformer.layer.3.sa_layer_norm.gamma
WARNING:tensorflow:Unresolved object in checkpoint: (root).optimizer's state 'm' for (root).distilbert.transformer.layer.3.sa_layer_norm.beta
WARNING:tensorflow:Unresolved object in checkpoint: (root).optimizer's state 'm' for (root).distilbert.transformer.layer.3.output_layer_norm.gamma
WARNING:tensorflow:Unresolved object in checkpoint: (root).optimizer's state 'm' for (root).distilbert.transformer.layer.3.output_layer_norm.beta
WARNING:tensorflow:Unresolved object in checkpoint: (root).optimizer's state 'm' for (root).distilbert.transformer.layer.4.sa_layer_norm.gamma
WARNING:tensorflow:Unresolved object in checkpoint: (root).optimizer's state 'm' for (root).distilbert.transformer.layer.4.sa_layer_norm.beta
WARNING:tensorflow:Unresolved object in checkpoint: (root).optimizer's state 'm' for (root).distilbert.transformer.layer.4.output_layer_norm.gamma
WARNING:tensorflow:Unresolved object in checkpoint: (root).optimizer's state 'm' for (root).distilbert.transformer.layer.4.output_layer_norm.beta
WARNING:tensorflow:Unresolved object in checkpoint: (root).optimizer's state 'm' for (root).distilbert.transformer.layer.5.sa_layer_norm.gamma
WARNING:tensorflow:Unresolved object in checkpoint: (root).optimizer's state 'm' for (root).distilbert.transformer.layer.5.sa_layer_norm.beta
WARNING:tensorflow:Unresolved object in checkpoint: (root).optimizer's state 'm' for (root).distilbert.transformer.layer.5.output_layer_norm.gamma
WARNING:tensorflow:Unresolved object in checkpoint: (root).optimizer's state 'm' for (root).distilbert.transformer.layer.5.output_layer_norm.beta
WARNING:tensorflow:Unresolved object in checkpoint: (root).optimizer's state 'm' for (root).distilbert.transformer.layer.0.attention.q_lin.kernel
WARNING:tensorflow:Unresolved object in checkpoint: (root).optimizer's state 'm' for (root).distilbert.transformer.layer.0.attention.q_lin.bias
WARNING:tensorflow:Unresolved object in checkpoint: (root).optimizer's state 'm' for (root).distilbert.transformer.layer.0.attention.k_lin.kernel
WARNING:tensorflow:Unresolved object in checkpoint: (root).optimizer's state 'm' for (root).distilbert.transformer.layer.0.attention.k_lin.bias
WARNING:tensorflow:Unresolved object in checkpoint: (root).optimizer's state 'm' for (root).distilbert.transformer.layer.0.attention.v_lin.kernel
WARNING:tensorflow:Unresolved object in checkpoint: (root).optimizer's state 'm' for (root).distilbert.transformer.layer.0.attention.v_lin.bias
WARNING:tensorflow:Unresolved object in checkpoint: (root).optimizer's state 'm' for (root).distilbert.transformer.layer.0.attention.out_lin.kernel
WARNING:tensorflow:Unresolved object in checkpoint: (root).optimizer's state 'm' for (root).distilbert.transformer.layer.0.attention.out_lin.bias
WARNING:tensorflow:Unresolved object in checkpoint: (root).optimizer's state 'm' for (root).distilbert.transformer.layer.0.ffn.lin1.kernel
WARNING:tensorflow:Unresolved object in checkpoint: (root).optimizer's state 'm' for (root).distilbert.transformer.layer.0.ffn.lin1.bias
WARNING:tensorflow:Unresolved object in checkpoint: (root).optimizer's state 'm' for (root).distilbert.transformer.layer.0.ffn.lin2.kernel
WARNING:tensorflow:Unresolved object in checkpoint: (root).optimizer's state 'm' for (root).distilbert.transformer.layer.0.ffn.lin2.bias
WARNING:tensorflow:Unresolved object in checkpoint: (root).optimizer's state 'm' for (root).distilbert.transformer.layer.1.attention.q_lin.kernel
WARNING:tensorflow:Unresolved object in checkpoint: (root).optimizer's state 'm' for (root).distilbert.transformer.layer.1.attention.q_lin.bias
WARNING:tensorflow:Unresolved object in checkpoint: (root).optimizer's state 'm' for (root).distilbert.transformer.layer.1.attention.k_lin.kernel
WARNING:tensorflow:Unresolved object in checkpoint: (root).optimizer's state 'm' for (root).distilbert.transformer.layer.1.attention.k_lin.bias
WARNING:tensorflow:Unresolved object in checkpoint: (root).optimizer's state 'm' for (root).distilbert.transformer.layer.1.attention.v_lin.kernel
WARNING:tensorflow:Unresolved object in checkpoint: (root).optimizer's state 'm' for (root).distilbert.transformer.layer.1.attention.v_lin.bias
WARNING:tensorflow:Unresolved object in checkpoint: (root).optimizer's state 'm' for (root).distilbert.transformer.layer.1.attention.out_lin.kernel
WARNING:tensorflow:Unresolved object in checkpoint: (root).optimizer's state 'm' for (root).distilbert.transformer.layer.1.attention.out_lin.bias
WARNING:tensorflow:Unresolved object in checkpoint: (root).optimizer's state 'm' for (root).distilbert.transformer.layer.1.ffn.lin1.kernel
WARNING:tensorflow:Unresolved object in checkpoint: (root).optimizer's state 'm' for (root).distilbert.transformer.layer.1.ffn.lin1.bias
WARNING:tensorflow:Unresolved object in checkpoint: (root).optimizer's state 'm' for (root).distilbert.transformer.layer.1.ffn.lin2.kernel
WARNING:tensorflow:Unresolved object in checkpoint: (root).optimizer's state 'm' for (root).distilbert.transformer.layer.1.ffn.lin2.bias
WARNING:tensorflow:Unresolved object in checkpoint: (root).optimizer's state 'm' for (root).distilbert.transformer.layer.2.attention.q_lin.kernel
WARNING:tensorflow:Unresolved object in checkpoint: (root).optimizer's state 'm' for (root).distilbert.transformer.layer.2.attention.q_lin.bias
WARNING:tensorflow:Unresolved object in checkpoint: (root).optimizer's state 'm' for (root).distilbert.transformer.layer.2.attention.k_lin.kernel
WARNING:tensorflow:Unresolved object in checkpoint: (root).optimizer's state 'm' for (root).distilbert.transformer.layer.2.attention.k_lin.bias
WARNING:tensorflow:Unresolved object in checkpoint: (root).optimizer's state 'm' for (root).distilbert.transformer.layer.2.attention.v_lin.kernel
WARNING:tensorflow:Unresolved object in checkpoint: (root).optimizer's state 'm' for (root).distilbert.transformer.layer.2.attention.v_lin.bias
WARNING:tensorflow:Unresolved object in checkpoint: (root).optimizer's state 'm' for (root).distilbert.transformer.layer.2.attention.out_lin.kernel
WARNING:tensorflow:Unresolved object in checkpoint: (root).optimizer's state 'm' for (root).distilbert.transformer.layer.2.attention.out_lin.bias
WARNING:tensorflow:Unresolved object in checkpoint: (root).optimizer's state 'm' for (root).distilbert.transformer.layer.2.ffn.lin1.kernel
WARNING:tensorflow:Unresolved object in checkpoint: (root).optimizer's state 'm' for (root).distilbert.transformer.layer.2.ffn.lin1.bias
WARNING:tensorflow:Unresolved object in checkpoint: (root).optimizer's state 'm' for (root).distilbert.transformer.layer.2.ffn.lin2.kernel
WARNING:tensorflow:Unresolved object in checkpoint: (root).optimizer's state 'm' for (root).distilbert.transformer.layer.2.ffn.lin2.bias
WARNING:tensorflow:Unresolved object in checkpoint: (root).optimizer's state 'm' for (root).distilbert.transformer.layer.3.attention.q_lin.kernel
WARNING:tensorflow:Unresolved object in checkpoint: (root).optimizer's state 'm' for (root).distilbert.transformer.layer.3.attention.q_lin.bias
WARNING:tensorflow:Unresolved object in checkpoint: (root).optimizer's state 'm' for (root).distilbert.transformer.layer.3.attention.k_lin.kernel
WARNING:tensorflow:Unresolved object in checkpoint: (root).optimizer's state 'm' for (root).distilbert.transformer.layer.3.attention.k_lin.bias
WARNING:tensorflow:Unresolved object in checkpoint: (root).optimizer's state 'm' for (root).distilbert.transformer.layer.3.attention.v_lin.kernel
WARNING:tensorflow:Unresolved object in checkpoint: (root).optimizer's state 'm' for (root).distilbert.transformer.layer.3.attention.v_lin.bias
WARNING:tensorflow:Unresolved object in checkpoint: (root).optimizer's state 'm' for (root).distilbert.transformer.layer.3.attention.out_lin.kernel
WARNING:tensorflow:Unresolved object in checkpoint: (root).optimizer's state 'm' for (root).distilbert.transformer.layer.3.attention.out_lin.bias
WARNING:tensorflow:Unresolved object in checkpoint: (root).optimizer's state 'm' for (root).distilbert.transformer.layer.3.ffn.lin1.kernel
WARNING:tensorflow:Unresolved object in checkpoint: (root).optimizer's state 'm' for (root).distilbert.transformer.layer.3.ffn.lin1.bias
WARNING:tensorflow:Unresolved object in checkpoint: (root).optimizer's state 'm' for (root).distilbert.transformer.layer.3.ffn.lin2.kernel
WARNING:tensorflow:Unresolved object in checkpoint: (root).optimizer's state 'm' for (root).distilbert.transformer.layer.3.ffn.lin2.bias
WARNING:tensorflow:Unresolved object in checkpoint: (root).optimizer's state 'm' for (root).distilbert.transformer.layer.4.attention.q_lin.kernel
WARNING:tensorflow:Unresolved object in checkpoint: (root).optimizer's state 'm' for (root).distilbert.transformer.layer.4.attention.q_lin.bias
WARNING:tensorflow:Unresolved object in checkpoint: (root).optimizer's state 'm' for (root).distilbert.transformer.layer.4.attention.k_lin.kernel
WARNING:tensorflow:Unresolved object in checkpoint: (root).optimizer's state 'm' for (root).distilbert.transformer.layer.4.attention.k_lin.bias
WARNING:tensorflow:Unresolved object in checkpoint: (root).optimizer's state 'm' for (root).distilbert.transformer.layer.4.attention.v_lin.kernel
WARNING:tensorflow:Unresolved object in checkpoint: (root).optimizer's state 'm' for (root).distilbert.transformer.layer.4.attention.v_lin.bias
WARNING:tensorflow:Unresolved object in checkpoint: (root).optimizer's state 'm' for (root).distilbert.transformer.layer.4.attention.out_lin.kernel
WARNING:tensorflow:Unresolved object in checkpoint: (root).optimizer's state 'm' for (root).distilbert.transformer.layer.4.attention.out_lin.bias
WARNING:tensorflow:Unresolved object in checkpoint: (root).optimizer's state 'm' for (root).distilbert.transformer.layer.4.ffn.lin1.kernel
WARNING:tensorflow:Unresolved object in checkpoint: (root).optimizer's state 'm' for (root).distilbert.transformer.layer.4.ffn.lin1.bias
WARNING:tensorflow:Unresolved object in checkpoint: (root).optimizer's state 'm' for (root).distilbert.transformer.layer.4.ffn.lin2.kernel
WARNING:tensorflow:Unresolved object in checkpoint: (root).optimizer's state 'm' for (root).distilbert.transformer.layer.4.ffn.lin2.bias
WARNING:tensorflow:Unresolved object in checkpoint: (root).optimizer's state 'm' for (root).distilbert.transformer.layer.5.attention.q_lin.kernel
WARNING:tensorflow:Unresolved object in checkpoint: (root).optimizer's state 'm' for (root).distilbert.transformer.layer.5.attention.q_lin.bias
WARNING:tensorflow:Unresolved object in checkpoint: (root).optimizer's state 'm' for (root).distilbert.transformer.layer.5.attention.k_lin.kernel
WARNING:tensorflow:Unresolved object in checkpoint: (root).optimizer's state 'm' for (root).distilbert.transformer.layer.5.attention.k_lin.bias
WARNING:tensorflow:Unresolved object in checkpoint: (root).optimizer's state 'm' for (root).distilbert.transformer.layer.5.attention.v_lin.kernel
WARNING:tensorflow:Unresolved object in checkpoint: (root).optimizer's state 'm' for (root).distilbert.transformer.layer.5.attention.v_lin.bias
WARNING:tensorflow:Unresolved object in checkpoint: (root).optimizer's state 'm' for (root).distilbert.transformer.layer.5.attention.out_lin.kernel
WARNING:tensorflow:Unresolved object in checkpoint: (root).optimizer's state 'm' for (root).distilbert.transformer.layer.5.attention.out_lin.bias
WARNING:tensorflow:Unresolved object in checkpoint: (root).optimizer's state 'm' for (root).distilbert.transformer.layer.5.ffn.lin1.kernel
WARNING:tensorflow:Unresolved object in checkpoint: (root).optimizer's state 'm' for (root).distilbert.transformer.layer.5.ffn.lin1.bias
WARNING:tensorflow:Unresolved object in checkpoint: (root).optimizer's state 'm' for (root).distilbert.transformer.layer.5.ffn.lin2.kernel
WARNING:tensorflow:Unresolved object in checkpoint: (root).optimizer's state 'm' for (root).distilbert.transformer.layer.5.ffn.lin2.bias
WARNING:tensorflow:Unresolved object in checkpoint: (root).optimizer's state 'v' for (root).pre_classifier.kernel
WARNING:tensorflow:Unresolved object in checkpoint: (root).optimizer's state 'v' for (root).pre_classifier.bias
WARNING:tensorflow:Unresolved object in checkpoint: (root).optimizer's state 'v' for (root).classifier.kernel
WARNING:tensorflow:Unresolved object in checkpoint: (root).optimizer's state 'v' for (root).classifier.bias
WARNING:tensorflow:Unresolved object in checkpoint: (root).optimizer's state 'v' for (root).distilbert.embeddings.weight
WARNING:tensorflow:Unresolved object in checkpoint: (root).optimizer's state 'v' for (root).distilbert.embeddings.embeddings
WARNING:tensorflow:Unresolved object in checkpoint: (root).optimizer's state 'v' for (root).distilbert.embeddings.LayerNorm.gamma
WARNING:tensorflow:Unresolved object in checkpoint: (root).optimizer's state 'v' for (root).distilbert.embeddings.LayerNorm.beta
WARNING:tensorflow:Unresolved object in checkpoint: (root).optimizer's state 'v' for (root).distilbert.transformer.layer.0.sa_layer_norm.gamma
WARNING:tensorflow:Unresolved object in checkpoint: (root).optimizer's state 'v' for (root).distilbert.transformer.layer.0.sa_layer_norm.beta
WARNING:tensorflow:Unresolved object in checkpoint: (root).optimizer's state 'v' for (root).distilbert.transformer.layer.0.output_layer_norm.gamma
WARNING:tensorflow:Unresolved object in checkpoint: (root).optimizer's state 'v' for (root).distilbert.transformer.layer.0.output_layer_norm.beta
WARNING:tensorflow:Unresolved object in checkpoint: (root).optimizer's state 'v' for (root).distilbert.transformer.layer.1.sa_layer_norm.gamma
WARNING:tensorflow:Unresolved object in checkpoint: (root).optimizer's state 'v' for (root).distilbert.transformer.layer.1.sa_layer_norm.beta
WARNING:tensorflow:Unresolved object in checkpoint: (root).optimizer's state 'v' for (root).distilbert.transformer.layer.1.output_layer_norm.gamma
WARNING:tensorflow:Unresolved object in checkpoint: (root).optimizer's state 'v' for (root).distilbert.transformer.layer.1.output_layer_norm.beta
WARNING:tensorflow:Unresolved object in checkpoint: (root).optimizer's state 'v' for (root).distilbert.transformer.layer.2.sa_layer_norm.gamma
WARNING:tensorflow:Unresolved object in checkpoint: (root).optimizer's state 'v' for (root).distilbert.transformer.layer.2.sa_layer_norm.beta
WARNING:tensorflow:Unresolved object in checkpoint: (root).optimizer's state 'v' for (root).distilbert.transformer.layer.2.output_layer_norm.gamma
WARNING:tensorflow:Unresolved object in checkpoint: (root).optimizer's state 'v' for (root).distilbert.transformer.layer.2.output_layer_norm.beta
WARNING:tensorflow:Unresolved object in checkpoint: (root).optimizer's state 'v' for (root).distilbert.transformer.layer.3.sa_layer_norm.gamma
WARNING:tensorflow:Unresolved object in checkpoint: (root).optimizer's state 'v' for (root).distilbert.transformer.layer.3.sa_layer_norm.beta
WARNING:tensorflow:Unresolved object in checkpoint: (root).optimizer's state 'v' for (root).distilbert.transformer.layer.3.output_layer_norm.gamma
WARNING:tensorflow:Unresolved object in checkpoint: (root).optimizer's state 'v' for (root).distilbert.transformer.layer.3.output_layer_norm.beta
WARNING:tensorflow:Unresolved object in checkpoint: (root).optimizer's state 'v' for (root).distilbert.transformer.layer.4.sa_layer_norm.gamma
WARNING:tensorflow:Unresolved object in checkpoint: (root).optimizer's state 'v' for (root).distilbert.transformer.layer.4.sa_layer_norm.beta
WARNING:tensorflow:Unresolved object in checkpoint: (root).optimizer's state 'v' for (root).distilbert.transformer.layer.4.output_layer_norm.gamma
WARNING:tensorflow:Unresolved object in checkpoint: (root).optimizer's state 'v' for (root).distilbert.transformer.layer.4.output_layer_norm.beta
WARNING:tensorflow:Unresolved object in checkpoint: (root).optimizer's state 'v' for (root).distilbert.transformer.layer.5.sa_layer_norm.gamma
WARNING:tensorflow:Unresolved object in checkpoint: (root).optimizer's state 'v' for (root).distilbert.transformer.layer.5.sa_layer_norm.beta
WARNING:tensorflow:Unresolved object in checkpoint: (root).optimizer's state 'v' for (root).distilbert.transformer.layer.5.output_layer_norm.gamma
WARNING:tensorflow:Unresolved object in checkpoint: (root).optimizer's state 'v' for (root).distilbert.transformer.layer.5.output_layer_norm.beta
WARNING:tensorflow:Unresolved object in checkpoint: (root).optimizer's state 'v' for (root).distilbert.transformer.layer.0.attention.q_lin.kernel
WARNING:tensorflow:Unresolved object in checkpoint: (root).optimizer's state 'v' for (root).distilbert.transformer.layer.0.attention.q_lin.bias
WARNING:tensorflow:Unresolved object in checkpoint: (root).optimizer's state 'v' for (root).distilbert.transformer.layer.0.attention.k_lin.kernel
WARNING:tensorflow:Unresolved object in checkpoint: (root).optimizer's state 'v' for (root).distilbert.transformer.layer.0.attention.k_lin.bias
WARNING:tensorflow:Unresolved object in checkpoint: (root).optimizer's state 'v' for (root).distilbert.transformer.layer.0.attention.v_lin.kernel
WARNING:tensorflow:Unresolved object in checkpoint: (root).optimizer's state 'v' for (root).distilbert.transformer.layer.0.attention.v_lin.bias
WARNING:tensorflow:Unresolved object in checkpoint: (root).optimizer's state 'v' for (root).distilbert.transformer.layer.0.attention.out_lin.kernel
WARNING:tensorflow:Unresolved object in checkpoint: (root).optimizer's state 'v' for (root).distilbert.transformer.layer.0.attention.out_lin.bias
WARNING:tensorflow:Unresolved object in checkpoint: (root).optimizer's state 'v' for (root).distilbert.transformer.layer.0.ffn.lin1.kernel
WARNING:tensorflow:Unresolved object in checkpoint: (root).optimizer's state 'v' for (root).distilbert.transformer.layer.0.ffn.lin1.bias
WARNING:tensorflow:Unresolved object in checkpoint: (root).optimizer's state 'v' for (root).distilbert.transformer.layer.0.ffn.lin2.kernel
WARNING:tensorflow:Unresolved object in checkpoint: (root).optimizer's state 'v' for (root).distilbert.transformer.layer.0.ffn.lin2.bias
WARNING:tensorflow:Unresolved object in checkpoint: (root).optimizer's state 'v' for (root).distilbert.transformer.layer.1.attention.q_lin.kernel
WARNING:tensorflow:Unresolved object in checkpoint: (root).optimizer's state 'v' for (root).distilbert.transformer.layer.1.attention.q_lin.bias
WARNING:tensorflow:Unresolved object in checkpoint: (root).optimizer's state 'v' for (root).distilbert.transformer.layer.1.attention.k_lin.kernel
WARNING:tensorflow:Unresolved object in checkpoint: (root).optimizer's state 'v' for (root).distilbert.transformer.layer.1.attention.k_lin.bias
WARNING:tensorflow:Unresolved object in checkpoint: (root).optimizer's state 'v' for (root).distilbert.transformer.layer.1.attention.v_lin.kernel
WARNING:tensorflow:Unresolved object in checkpoint: (root).optimizer's state 'v' for (root).distilbert.transformer.layer.1.attention.v_lin.bias
WARNING:tensorflow:Unresolved object in checkpoint: (root).optimizer's state 'v' for (root).distilbert.transformer.layer.1.attention.out_lin.kernel
WARNING:tensorflow:Unresolved object in checkpoint: (root).optimizer's state 'v' for (root).distilbert.transformer.layer.1.attention.out_lin.bias
WARNING:tensorflow:Unresolved object in checkpoint: (root).optimizer's state 'v' for (root).distilbert.transformer.layer.1.ffn.lin1.kernel
WARNING:tensorflow:Unresolved object in checkpoint: (root).optimizer's state 'v' for (root).distilbert.transformer.layer.1.ffn.lin1.bias
WARNING:tensorflow:Unresolved object in checkpoint: (root).optimizer's state 'v' for (root).distilbert.transformer.layer.1.ffn.lin2.kernel
WARNING:tensorflow:Unresolved object in checkpoint: (root).optimizer's state 'v' for (root).distilbert.transformer.layer.1.ffn.lin2.bias
WARNING:tensorflow:Unresolved object in checkpoint: (root).optimizer's state 'v' for (root).distilbert.transformer.layer.2.attention.q_lin.kernel
WARNING:tensorflow:Unresolved object in checkpoint: (root).optimizer's state 'v' for (root).distilbert.transformer.layer.2.attention.q_lin.bias
WARNING:tensorflow:Unresolved object in checkpoint: (root).optimizer's state 'v' for (root).distilbert.transformer.layer.2.attention.k_lin.kernel
WARNING:tensorflow:Unresolved object in checkpoint: (root).optimizer's state 'v' for (root).distilbert.transformer.layer.2.attention.k_lin.bias
WARNING:tensorflow:Unresolved object in checkpoint: (root).optimizer's state 'v' for (root).distilbert.transformer.layer.2.attention.v_lin.kernel
WARNING:tensorflow:Unresolved object in checkpoint: (root).optimizer's state 'v' for (root).distilbert.transformer.layer.2.attention.v_lin.bias
WARNING:tensorflow:Unresolved object in checkpoint: (root).optimizer's state 'v' for (root).distilbert.transformer.layer.2.attention.out_lin.kernel
WARNING:tensorflow:Unresolved object in checkpoint: (root).optimizer's state 'v' for (root).distilbert.transformer.layer.2.attention.out_lin.bias
WARNING:tensorflow:Unresolved object in checkpoint: (root).optimizer's state 'v' for (root).distilbert.transformer.layer.2.ffn.lin1.kernel
WARNING:tensorflow:Unresolved object in checkpoint: (root).optimizer's state 'v' for (root).distilbert.transformer.layer.2.ffn.lin1.bias
WARNING:tensorflow:Unresolved object in checkpoint: (root).optimizer's state 'v' for (root).distilbert.transformer.layer.2.ffn.lin2.kernel
WARNING:tensorflow:Unresolved object in checkpoint: (root).optimizer's state 'v' for (root).distilbert.transformer.layer.2.ffn.lin2.bias
WARNING:tensorflow:Unresolved object in checkpoint: (root).optimizer's state 'v' for (root).distilbert.transformer.layer.3.attention.q_lin.kernel
WARNING:tensorflow:Unresolved object in checkpoint: (root).optimizer's state 'v' for (root).distilbert.transformer.layer.3.attention.q_lin.bias
WARNING:tensorflow:Unresolved object in checkpoint: (root).optimizer's state 'v' for (root).distilbert.transformer.layer.3.attention.k_lin.kernel
WARNING:tensorflow:Unresolved object in checkpoint: (root).optimizer's state 'v' for (root).distilbert.transformer.layer.3.attention.k_lin.bias
WARNING:tensorflow:Unresolved object in checkpoint: (root).optimizer's state 'v' for (root).distilbert.transformer.layer.3.attention.v_lin.kernel
WARNING:tensorflow:Unresolved object in checkpoint: (root).optimizer's state 'v' for (root).distilbert.transformer.layer.3.attention.v_lin.bias
WARNING:tensorflow:Unresolved object in checkpoint: (root).optimizer's state 'v' for (root).distilbert.transformer.layer.3.attention.out_lin.kernel
WARNING:tensorflow:Unresolved object in checkpoint: (root).optimizer's state 'v' for (root).distilbert.transformer.layer.3.attention.out_lin.bias
WARNING:tensorflow:Unresolved object in checkpoint: (root).optimizer's state 'v' for (root).distilbert.transformer.layer.3.ffn.lin1.kernel
WARNING:tensorflow:Unresolved object in checkpoint: (root).optimizer's state 'v' for (root).distilbert.transformer.layer.3.ffn.lin1.bias
WARNING:tensorflow:Unresolved object in checkpoint: (root).optimizer's state 'v' for (root).distilbert.transformer.layer.3.ffn.lin2.kernel
WARNING:tensorflow:Unresolved object in checkpoint: (root).optimizer's state 'v' for (root).distilbert.transformer.layer.3.ffn.lin2.bias
WARNING:tensorflow:Unresolved object in checkpoint: (root).optimizer's state 'v' for (root).distilbert.transformer.layer.4.attention.q_lin.kernel
WARNING:tensorflow:Unresolved object in checkpoint: (root).optimizer's state 'v' for (root).distilbert.transformer.layer.4.attention.q_lin.bias
WARNING:tensorflow:Unresolved object in checkpoint: (root).optimizer's state 'v' for (root).distilbert.transformer.layer.4.attention.k_lin.kernel
WARNING:tensorflow:Unresolved object in checkpoint: (root).optimizer's state 'v' for (root).distilbert.transformer.layer.4.attention.k_lin.bias
WARNING:tensorflow:Unresolved object in checkpoint: (root).optimizer's state 'v' for (root).distilbert.transformer.layer.4.attention.v_lin.kernel
WARNING:tensorflow:Unresolved object in checkpoint: (root).optimizer's state 'v' for (root).distilbert.transformer.layer.4.attention.v_lin.bias
WARNING:tensorflow:Unresolved object in checkpoint: (root).optimizer's state 'v' for (root).distilbert.transformer.layer.4.attention.out_lin.kernel
WARNING:tensorflow:Unresolved object in checkpoint: (root).optimizer's state 'v' for (root).distilbert.transformer.layer.4.attention.out_lin.bias
WARNING:tensorflow:Unresolved object in checkpoint: (root).optimizer's state 'v' for (root).distilbert.transformer.layer.4.ffn.lin1.kernel
WARNING:tensorflow:Unresolved object in checkpoint: (root).optimizer's state 'v' for (root).distilbert.transformer.layer.4.ffn.lin1.bias
WARNING:tensorflow:Unresolved object in checkpoint: (root).optimizer's state 'v' for (root).distilbert.transformer.layer.4.ffn.lin2.kernel
WARNING:tensorflow:Unresolved object in checkpoint: (root).optimizer's state 'v' for (root).distilbert.transformer.layer.4.ffn.lin2.bias
WARNING:tensorflow:Unresolved object in checkpoint: (root).optimizer's state 'v' for (root).distilbert.transformer.layer.5.attention.q_lin.kernel
WARNING:tensorflow:Unresolved object in checkpoint: (root).optimizer's state 'v' for (root).distilbert.transformer.layer.5.attention.q_lin.bias
WARNING:tensorflow:Unresolved object in checkpoint: (root).optimizer's state 'v' for (root).distilbert.transformer.layer.5.attention.k_lin.kernel
WARNING:tensorflow:Unresolved object in checkpoint: (root).optimizer's state 'v' for (root).distilbert.transformer.layer.5.attention.k_lin.bias
WARNING:tensorflow:Unresolved object in checkpoint: (root).optimizer's state 'v' for (root).distilbert.transformer.layer.5.attention.v_lin.kernel
WARNING:tensorflow:Unresolved object in checkpoint: (root).optimizer's state 'v' for (root).distilbert.transformer.layer.5.attention.v_lin.bias
WARNING:tensorflow:Unresolved object in checkpoint: (root).optimizer's state 'v' for (root).distilbert.transformer.layer.5.attention.out_lin.kernel
WARNING:tensorflow:Unresolved object in checkpoint: (root).optimizer's state 'v' for (root).distilbert.transformer.layer.5.attention.out_lin.bias
WARNING:tensorflow:Unresolved object in checkpoint: (root).optimizer's state 'v' for (root).distilbert.transformer.layer.5.ffn.lin1.kernel
WARNING:tensorflow:Unresolved object in checkpoint: (root).optimizer's state 'v' for (root).distilbert.transformer.layer.5.ffn.lin1.bias
WARNING:tensorflow:Unresolved object in checkpoint: (root).optimizer's state 'v' for (root).distilbert.transformer.layer.5.ffn.lin2.kernel
WARNING:tensorflow:Unresolved object in checkpoint: (root).optimizer's state 'v' for (root).distilbert.transformer.layer.5.ffn.lin2.bias
WARNING:tensorflow:A checkpoint was restored (e.g. tf.train.Checkpoint.restore or tf.keras.Model.load_weights) but not all checkpointed values were used. See above for specific issues. Use expect_partial() on the load status object, e.g. tf.train.Checkpoint.restore(...).expect_partial(), to silence these warnings, or use assert_consumed() to make the check explicit. See https://www.tensorflow.org/guide/checkpoint#loading_mechanics for details.
Linux idun-05-05 4.18.0-193.el8.x86_64 #1 SMP Fri May 8 10:59:10 UTC 2020 x86_64 x86_64 x86_64 GNU/Linux
